Determining if the pthread_create exist failed with the following output:
Change Dir: /home/rishunny/octnet/th/gpu/build/CMakeFiles/CMakeTmp

Run Build Command:"/usr/bin/make" "cmTC_544dc/fast"
/usr/bin/make -f CMakeFiles/cmTC_544dc.dir/build.make CMakeFiles/cmTC_544dc.dir/build
make[1]: Entering directory '/home/rishunny/octnet/th/gpu/build/CMakeFiles/CMakeTmp'
Building C object CMakeFiles/cmTC_544dc.dir/CheckSymbolExists.c.o
/usr/bin/cc    -fPIC    -o CMakeFiles/cmTC_544dc.dir/CheckSymbolExists.c.o   -c /home/rishunny/octnet/th/gpu/build/CMakeFiles/CMakeTmp/CheckSymbolExists.c
Linking C executable cmTC_544dc
/usr/bin/cmake -E cmake_link_script CMakeFiles/cmTC_544dc.dir/link.txt --verbose=1
/usr/bin/cc  -fPIC     CMakeFiles/cmTC_544dc.dir/CheckSymbolExists.c.o  -o cmTC_544dc -rdynamic 
CMakeFiles/cmTC_544dc.dir/CheckSymbolExists.c.o: In function `main':
CheckSymbolExists.c:(.text+0x1b): undefined reference to `pthread_create'
collect2: error: ld returned 1 exit status
CMakeFiles/cmTC_544dc.dir/build.make:97: recipe for target 'cmTC_544dc' failed
make[1]: *** [cmTC_544dc] Error 1
make[1]: Leaving directory '/home/rishunny/octnet/th/gpu/build/CMakeFiles/CMakeTmp'
Makefile:126: recipe for target 'cmTC_544dc/fast' failed
make: *** [cmTC_544dc/fast] Error 2

File /home/rishunny/octnet/th/gpu/build/CMakeFiles/CMakeTmp/CheckSymbolExists.c:
/* */
#include <pthread.h>

int main(int argc, char** argv)
{
  (void)argv;
#ifndef pthread_create
  return ((int*)(&pthread_create))[argc];
#else
  (void)argc;
  return 0;
#endif
}

Determining if the function pthread_create exists in the pthreads failed with the following output:
Change Dir: /home/rishunny/octnet/th/gpu/build/CMakeFiles/CMakeTmp

Run Build Command:"/usr/bin/make" "cmTC_bf0ae/fast"
/usr/bin/make -f CMakeFiles/cmTC_bf0ae.dir/build.make CMakeFiles/cmTC_bf0ae.dir/build
make[1]: Entering directory '/home/rishunny/octnet/th/gpu/build/CMakeFiles/CMakeTmp'
Building C object CMakeFiles/cmTC_bf0ae.dir/CheckFunctionExists.c.o
/usr/bin/cc    -fPIC -DCHECK_FUNCTION_EXISTS=pthread_create   -o CMakeFiles/cmTC_bf0ae.dir/CheckFunctionExists.c.o   -c /usr/share/cmake-3.5/Modules/CheckFunctionExists.c
Linking C executable cmTC_bf0ae
/usr/bin/cmake -E cmake_link_script CMakeFiles/cmTC_bf0ae.dir/link.txt --verbose=1
/usr/bin/cc  -fPIC -DCHECK_FUNCTION_EXISTS=pthread_create    CMakeFiles/cmTC_bf0ae.dir/CheckFunctionExists.c.o  -o cmTC_bf0ae -rdynamic -lpthreads 
/usr/bin/ld: cannot find -lpthreads
collect2: error: ld returned 1 exit status
CMakeFiles/cmTC_bf0ae.dir/build.make:97: recipe for target 'cmTC_bf0ae' failed
make[1]: *** [cmTC_bf0ae] Error 1
make[1]: Leaving directory '/home/rishunny/octnet/th/gpu/build/CMakeFiles/CMakeTmp'
Makefile:126: recipe for target 'cmTC_bf0ae/fast' failed
make: *** [cmTC_bf0ae/fast] Error 2


